  dllmain.cpp
  yaolog.cpp
E:\git\TeamTalk\win-client\3rdParty\src\yaolog\yaolog.cpp(1041,69): warning C4267: “=”: 从“size_t”转换到“unsigned char”，可能丢失数据
E:\git\TeamTalk\win-client\3rdParty\src\yaolog\yaolog.cpp(1059,65): warning C4267: “=”: 从“size_t”转换到“unsigned char”，可能丢失数据
  BaseSocket.cpp
  EventDispatch.cpp
  imconn.cpp
  ImCore.cpp
  Lock.cpp
  netlib.cpp
  network.cpp
  Operation.cpp
E:\git\TeamTalk\win-client\include\network\Exception.h(18,1): warning C4275: 非 dll 接口 class“std::exception”用作 dll 接口 struct“imcore::Exception”的基
C:\Program Files (x86)\Microsoft Visual Studio\2019\Enterprise\VC\Tools\MSVC\14.29.30133\include\vcruntime_exception.h(48): message : 参见“std::exception”的声明
E:\git\TeamTalk\win-client\include\network\Exception.h(17): message : 参见“imcore::Exception”的声明
  OperationManager.cpp
E:\git\TeamTalk\win-client\include\network\Operation.h(58,20): warning C4251: “imcore::Operation::m_name”: class“std::basic_string<char,std::char_traits<char>,std::allocator<char>>”需要有 dll 接口由 class“imcore::Operation”的客户端使用
C:\Program Files (x86)\Microsoft Visual Studio\2019\Enterprise\VC\Tools\MSVC\14.29.30133\include\xstring(4871): message : 参见“std::basic_string<char,std::char_traits<char>,std::allocator<char>>”的声明
  TcpSocketsManager.cpp
  TTPBHeader.cpp
  util.cpp
  UtilPdu.cpp
  正在生成代码...
  stdafx.cpp
    正在创建库 E:\git\TeamTalk\win-client\solution\..\lib\Debug\network.lib 和对象 E:\git\TeamTalk\win-client\solution\..\lib\Debug\network.exp
  network.vcxproj -> E:\git\TeamTalk\win-client\bin\teamtalk\Debug\network.dll
